c:\users\administrator\desktop\qt\mainwindow -单窗口单线程 -5.13\mainwindow\release\vc120.pdb
c:\users\administrator\desktop\qt\mainwindow -单窗口单线程 -5.13\mainwindow\release\vc120.idb
c:\users\administrator\desktop\qt\mainwindow -单窗口单线程 -5.13\mainwindow\release\mainwindow.obj
c:\users\administrator\desktop\qt\mainwindow -单窗口单线程 -5.13\mainwindow\release\main.obj
c:\users\administrator\desktop\qt\mainwindow -单窗口单线程 -5.13\mainwindow\release\moc_mainwindow.obj
c:\users\administrator\desktop\qt\mainwindow -单窗口单线程 -5.13\mainwindow\release\moc_capimagethread.obj
c:\users\administrator\desktop\qt\mainwindow -单窗口单线程 -5.13\mainwindow\release\moc_algorithmthread.obj
c:\users\administrator\desktop\qt\mainwindow -单窗口单线程 -5.13\mainwindow\release\capimagethread.obj
c:\users\administrator\desktop\qt\mainwindow -单窗口单线程 -5.13\mainwindow\release\serialthread.obj
c:\users\administrator\desktop\qt\mainwindow -单窗口单线程 -5.13\mainwindow\release\algorithmthread.obj
c:\users\administrator\desktop\qt\mainwindow -单窗口单线程 -5.13\mainwindow\release\qrc_mainwindow.obj
c:\users\administrator\desktop\qt\mainwindow -单窗口单线程 -5.13\mainwindow\generatedfiles\release\moc_mainwindow.cpp
c:\users\administrator\desktop\qt\mainwindow -单窗口单线程 -5.13\mainwindow\generatedfiles\ui_mainwindow.h
c:\users\administrator\desktop\qt\mainwindow -单窗口单线程 -5.13\mainwindow\generatedfiles\release\moc_algorithmthread.cpp
c:\users\administrator\desktop\qt\mainwindow -单窗口单线程 -5.13\mainwindow\generatedfiles\release\moc_capimagethread.cpp
c:\users\administrator\desktop\qt\mainwindow -单窗口单线程 -5.13\mainwindow\generatedfiles\qrc_mainwindow.cpp
c:\users\administrator\desktop\qt\mainwindow -单窗口单线程 -5.13\win32\release\mainwindow.ilk
c:\users\administrator\desktop\qt\mainwindow -单窗口单线程 -5.13\win32\release\mainwindow.exe
c:\users\administrator\desktop\qt\mainwindow -单窗口单线程 -5.13\win32\release\mainwindow.pdb
e:\canjian\downloads\mainwindow\mainwindow\release\algorithmthread.obj
e:\canjian\downloads\mainwindow\mainwindow\release\capimagethread.obj
e:\canjian\downloads\mainwindow\mainwindow\release\main.obj
e:\canjian\downloads\mainwindow\mainwindow\release\mainwindow.obj
e:\canjian\downloads\mainwindow\mainwindow\release\moc_algorithmthread.obj
e:\canjian\downloads\mainwindow\mainwindow\release\moc_capimagethread.obj
e:\canjian\downloads\mainwindow\mainwindow\release\moc_mainwindow.obj
e:\canjian\downloads\mainwindow\mainwindow\release\qrc_mainwindow.obj
e:\canjian\downloads\mainwindow\mainwindow\release\serialthread.obj
e:\canjian\downloads\mainwindow\mainwindow\release\vc120.idb
e:\canjian\downloads\mainwindow\mainwindow\release\vc120.pdb
e:\canjian\downloads\mainwindow\win32\release\mainwindow.pdb
e:\canjian\downloads\mainwindow\win32\release\mainwindow.exe
e:\canjian\downloads\mainwindow\win32\release\mainwindow.ilk
e:\canjian\downloads\mainwindow\mainwindow\release\mainwindow.tlog\cl.command.1.tlog
e:\canjian\downloads\mainwindow\mainwindow\release\mainwindow.tlog\cl.read.1.tlog
e:\canjian\downloads\mainwindow\mainwindow\release\mainwindow.tlog\cl.write.1.tlog
e:\canjian\downloads\mainwindow\mainwindow\release\mainwindow.tlog\custombuild.command.1.tlog
e:\canjian\downloads\mainwindow\mainwindow\release\mainwindow.tlog\custombuild.read.1.tlog
e:\canjian\downloads\mainwindow\mainwindow\release\mainwindow.tlog\custombuild.write.1.tlog
e:\canjian\downloads\mainwindow\mainwindow\release\mainwindow.tlog\link.command.1.tlog
e:\canjian\downloads\mainwindow\mainwindow\release\mainwindow.tlog\link.read.1.tlog
e:\canjian\downloads\mainwindow\mainwindow\release\mainwindow.tlog\link.write.1.tlog
