e:\canjian\downloads\mainwindow\mainwindow\x64\release\vc120.pdb
e:\canjian\downloads\mainwindow\mainwindow\x64\release\mainwindow.obj
e:\canjian\downloads\mainwindow\mainwindow\x64\release\main.obj
e:\canjian\downloads\mainwindow\mainwindow\x64\release\moc_mainwindow.obj
e:\canjian\downloads\mainwindow\mainwindow\x64\release\moc_capimagethread.obj
e:\canjian\downloads\mainwindow\mainwindow\x64\release\moc_algorithmthread.obj
e:\canjian\downloads\mainwindow\mainwindow\x64\release\capimagethread.obj
e:\canjian\downloads\mainwindow\mainwindow\x64\release\serialthread.obj
e:\canjian\downloads\mainwindow\mainwindow\x64\release\algorithmthread.obj
e:\canjian\downloads\mainwindow\mainwindow\x64\release\qrc_mainwindow.obj
e:\canjian\downloads\mainwindow\mainwindow\generatedfiles\release\moc_mainwindow.cpp
e:\canjian\downloads\mainwindow\mainwindow\generatedfiles\ui_mainwindow.h
e:\canjian\downloads\mainwindow\mainwindow\generatedfiles\release\moc_algorithmthread.cpp
e:\canjian\downloads\mainwindow\mainwindow\generatedfiles\release\moc_capimagethread.cpp
e:\canjian\downloads\mainwindow\mainwindow\generatedfiles\qrc_mainwindow.cpp
e:\canjian\downloads\mainwindow\mainwindow\x64\release\mainwindow.tlog\cl.command.1.tlog
e:\canjian\downloads\mainwindow\mainwindow\x64\release\mainwindow.tlog\cl.read.1.tlog
e:\canjian\downloads\mainwindow\mainwindow\x64\release\mainwindow.tlog\cl.write.1.tlog
e:\canjian\downloads\mainwindow\mainwindow\x64\release\mainwindow.tlog\custombuild.command.1.tlog
e:\canjian\downloads\mainwindow\mainwindow\x64\release\mainwindow.tlog\custombuild.read.1.tlog
e:\canjian\downloads\mainwindow\mainwindow\x64\release\mainwindow.tlog\custombuild.write.1.tlog
e:\canjian\downloads\mainwindow\mainwindow\x64\release\mainwindow.tlog\link.command.1.tlog
e:\canjian\downloads\mainwindow\mainwindow\x64\release\mainwindow.tlog\link.read.1.tlog
e:\canjian\downloads\mainwindow\mainwindow\x64\release\mainwindow.tlog\link.write.1.tlog
