c:\users\administrator\desktop\qt\mainwindow\mainwindow\debug\vc120.pdb
c:\users\administrator\desktop\qt\mainwindow\mainwindow\debug\mainwindow.obj
c:\users\administrator\desktop\qt\mainwindow\mainwindow\debug\main.obj
c:\users\administrator\desktop\qt\mainwindow\mainwindow\debug\moc_mainwindow.obj
c:\users\administrator\desktop\qt\mainwindow\mainwindow\debug\qrc_mainwindow.obj
c:\users\administrator\desktop\qt\mainwindow\mainwindow\generatedfiles\ui_mainwindow.h
c:\users\administrator\desktop\qt\mainwindow\mainwindow\generatedfiles\qrc_mainwindow.cpp
c:\users\administrator\desktop\qt\mainwindow\mainwindow\generatedfiles\debug\moc_mainwindow.cpp
c:\users\administrator\desktop\qt\mainwindow\win32\debug\mainwindow.pdb
c:\users\administrator\desktop\qt\mainwindow\mainwindow\debug\mainwindow.tlog\cl.command.1.tlog
c:\users\administrator\desktop\qt\mainwindow\mainwindow\debug\mainwindow.tlog\cl.read.1.tlog
c:\users\administrator\desktop\qt\mainwindow\mainwindow\debug\mainwindow.tlog\cl.write.1.tlog
c:\users\administrator\desktop\qt\mainwindow\mainwindow\debug\mainwindow.tlog\custombuild.command.1.tlog
c:\users\administrator\desktop\qt\mainwindow\mainwindow\debug\mainwindow.tlog\custombuild.read.1.tlog
c:\users\administrator\desktop\qt\mainwindow\mainwindow\debug\mainwindow.tlog\custombuild.write.1.tlog
c:\users\administrator\desktop\qt\mainwindow\mainwindow\debug\mainwindow.tlog\link.8128-cvtres.read.1.tlog
c:\users\administrator\desktop\qt\mainwindow\mainwindow\debug\mainwindow.tlog\link.8128-cvtres.write.1.tlog
c:\users\administrator\desktop\qt\mainwindow\mainwindow\debug\mainwindow.tlog\link.8128-rc.read.1.tlog
c:\users\administrator\desktop\qt\mainwindow\mainwindow\debug\mainwindow.tlog\link.8128-rc.write.1.tlog
c:\users\administrator\desktop\qt\mainwindow\mainwindow\debug\mainwindow.tlog\link.8128.read.1.tlog
c:\users\administrator\desktop\qt\mainwindow\mainwindow\debug\mainwindow.tlog\link.8128.write.1.tlog
c:\users\administrator\desktop\qt\mainwindow\mainwindow\debug\mainwindow.tlog\link.command.1.tlog
c:\users\administrator\desktop\qt\mainwindow\mainwindow\debug\mainwindow.tlog\link.read.1.tlog
c:\users\administrator\desktop\qt\mainwindow\mainwindow\debug\mainwindow.tlog\link.write.1.tlog
